[debug] [2021-10-29T21:46:07.965Z] ----------------------------------------------------------------------
[debug] [2021-10-29T21:46:07.967Z] Command:       C:\Program Files\nodejs\node.exe C:\Users\haniv\AppData\Roaming\npm\node_modules\firebase-tools\lib\bin\firebase.js init
[debug] [2021-10-29T21:46:07.967Z] CLI Version:   9.21.0
[debug] [2021-10-29T21:46:07.968Z] Platform:      win32
[debug] [2021-10-29T21:46:07.968Z] Node Version:  v16.13.0
[debug] [2021-10-29T21:46:07.974Z] Time:          Fri Oct 29 2021 23:46:07 GMT+0200 (czas środkowoeuropejski letni)
[debug] [2021-10-29T21:46:07.975Z] ----------------------------------------------------------------------
[debug] 
[debug] [2021-10-29T21:46:07.978Z] >>> [apiv2][query] GET https://firebase-public.firebaseio.com/cli.json [none]
[debug] [2021-10-29T21:46:08.005Z] > command requires scopes: ["email","openid","https://www.googleapis.com/auth/cloudplatformprojects.readonly","https://www.googleapis.com/auth/firebase","https://www.googleapis.com/auth/cloud-platform"]
[debug] [2021-10-29T21:46:08.006Z] > authorizing via signed-in user (haniv1001@gmail.com)
[info] 
     ######## #### ########  ######## ########     ###     ######  ########
     ##        ##  ##     ## ##       ##     ##  ##   ##  ##       ##
     ######    ##  ########  ######   ########  #########  ######  ######
     ##        ##  ##    ##  ##       ##     ## ##     ##       ## ##
     ##       #### ##     ## ######## ########  ##     ##  ######  ########

You're about to initialize a Firebase project in this directory:

  C:\Users\haniv\Patryk-C\DevCode\sparly

[debug] [2021-10-29T21:46:08.592Z] <<< [apiv2][status] GET https://firebase-public.firebaseio.com/cli.json 200
[debug] [2021-10-29T21:46:08.594Z] <<< [apiv2][body] GET https://firebase-public.firebaseio.com/cli.json {"cloudBuildErrorAfter":1594252800000,"cloudBuildWarnAfter":1590019200000,"defaultNode10After":1594252800000,"minVersion":"3.0.5","node8DeploysDisabledAfter":1613390400000,"node8RuntimeDisabledAfter":1615809600000,"node8WarnAfter":1600128000000}
